{
  "RSpec": {
    "coverage": {
      "/home/kat/projects/booking-pricer-kitt/spec/booking_pricer_spec.rb": {
        "lines": [
          1,
          null,
          1,
          null,
          1,
          16,
          1,
          1,
          1,
          null,
          1,
          1,
          null,
          1,
          1,
          null,
          1,
          1,
          null,
          1,
          1,
          null,
          1,
          1,
          null,
          1,
          1,
          null,
          1,
          1,
          null,
          1,
          1,
          null,
          1,
          1,
          null,
          1,
          1,
          null,
          1,
          1,
          null,
          1,
          1,
          1,
          null,
          1,
          1,
          null,
          1,
          1,
          null,
          null,
          null,
          1,
          1,
          null,
          null,
          null,
          null,
          null,
          4,
          null,
          1,
          1,
          null,
          1,
          1,
          null,
          1,
          1,
          null,
          null,
          null,
          null,
          null,
          null
        ]
      },
      "/home/kat/projects/booking-pricer-kitt/lib/booking_pricer.rb": {
        "lines": [
          null,
          null,
          null,
          null,
          null,
          1,
          1,
          null,
          null,
          null,
          1,
          18,
          null,
          null,
          1,
          null,
          18,
          18,
          null,
          18,
          18,
          18,
          null,
          18,
          18,
          18,
          null,
          18,
          18,
          null,
          18,
          null,
          null,
          null
        ]
      }
    },
    "timestamp": 1651755024
  }
}
